<?xml version="1.0" encoding="UTF-8"?>
<testsuite name="com.example.wojtula.WojtulaApplicationTests" tests="1" skipped="0" failures="0" errors="0" timestamp="2024-04-01T17:26:37" hostname="fafahost" time="0.585">
  <properties/>
  <testcase name="contextLoads()" classname="com.example.wojtula.WojtulaApplicationTests" time="0.585"/>
  <system-out><![CDATA[19:26:35.493 [Test worker] INFO org.springframework.test.context.support.AnnotationConfigContextLoaderUtils -- Could not detect default configuration classes for test class [com.example.wojtula.WojtulaApplicationTests]: WojtulaApplicationTests does not declare any static, non-private, non-final, nested classes annotated with @Configuration.
19:26:35.586 [Test worker] INFO org.springframework.boot.test.context.SpringBootTestContextBootstrapper -- Found @SpringBootConfiguration com.example.UrlShortenerApplication for test class com.example.wojtula.WojtulaApplicationTests

  .   ____          _            __ _ _
 /\\ / ___'_ __ _ _(_)_ __  __ _ \ \ \ \
( ( )\___ | '_ | '_| | '_ \/ _` | \ \ \ \
 \\/  ___)| |_)| | | | | || (_| |  ) ) ) )
  '  |____| .__|_| |_|_| |_\__, | / / / /
 =========|_|==============|___/=/_/_/_/
 :: Spring Boot ::                (v3.2.4)

2024-04-01T19:26:35.906+02:00  INFO 22845 --- [wojtula] [    Test worker] c.e.wojtula.WojtulaApplicationTests      : Starting WojtulaApplicationTests using Java 17.0.9 with PID 22845 (started by fafa in /home/fafa/Code/shortenurl_battleground)
2024-04-01T19:26:35.910+02:00  INFO 22845 --- [wojtula] [    Test worker] c.e.wojtula.WojtulaApplicationTests      : No active profile set, falling back to 1 default profile: "default"
2024-04-01T19:26:36.752+02:00  INFO 22845 --- [wojtula] [    Test worker] o.s.b.a.w.s.WelcomePageHandlerMapping    : Adding welcome page: class path resource [static/index.html]
2024-04-01T19:26:37.021+02:00  INFO 22845 --- [wojtula] [    Test worker] c.e.wojtula.WojtulaApplicationTests      : Started WojtulaApplicationTests in 1.323 seconds (process running for 2.304)
]]></system-out>
  <system-err><![CDATA[]]></system-err>
</testsuite>
