<?xml version="1.0" encoding="UTF-8"?>
<testsuite name="com.example.wojtula.WojtulaApplicationTests" tests="1" skipped="0" failures="0" errors="0" timestamp="2024-04-08T18:45:10" hostname="fafahost" time="0.719">
  <properties/>
  <testcase name="contextLoads()" classname="com.example.wojtula.WojtulaApplicationTests" time="0.719"/>
  <system-out><![CDATA[20:45:09.219 [Test worker] INFO org.springframework.test.context.support.AnnotationConfigContextLoaderUtils -- Could not detect default configuration classes for test class [com.example.wojtula.WojtulaApplicationTests]: WojtulaApplicationTests does not declare any static, non-private, non-final, nested classes annotated with @Configuration.
20:45:09.324 [Test worker] INFO org.springframework.boot.test.context.SpringBootTestContextBootstrapper -- Found @SpringBootConfiguration com.example.UrlShortenerApplication for test class com.example.wojtula.WojtulaApplicationTests

  .   ____          _            __ _ _
 /\\ / ___'_ __ _ _(_)_ __  __ _ \ \ \ \
( ( )\___ | '_ | '_| | '_ \/ _` | \ \ \ \
 \\/  ___)| |_)| | | | | || (_| |  ) ) ) )
  '  |____| .__|_| |_|_| |_\__, | / / / /
 =========|_|==============|___/=/_/_/_/
 :: Spring Boot ::                (v3.2.4)

2024-04-08T20:45:09.641+02:00  WARN 18450 --- [wojtula] [    Test worker] ory$DuplicateJsonObjectContextCustomizer : 

Found multiple occurrences of org.json.JSONObject on the class path:

	jar:file:/home/fafa/.gradle/caches/modules-2/files-2.1/org.json/json/20090211/c183aa3a2a6250293808bba12262c8920ce5a51c/json-20090211.jar!/org/json/JSONObject.class
	jar:file:/home/fafa/.gradle/caches/modules-2/files-2.1/com.vaadin.external.google/android-json/0.0.20131108.vaadin1/fa26d351fe62a6a17f5cda1287c1c6110dec413f/android-json-0.0.20131108.vaadin1.jar!/org/json/JSONObject.class

You may wish to exclude one of them to ensure predictable runtime behavior

2024-04-08T20:45:09.655+02:00  INFO 18450 --- [wojtula] [    Test worker] c.e.wojtula.WojtulaApplicationTests      : Starting WojtulaApplicationTests using Java 17.0.9 with PID 18450 (started by fafa in /home/fafa/Code/shortenurl)
2024-04-08T20:45:09.658+02:00  INFO 18450 --- [wojtula] [    Test worker] c.e.wojtula.WojtulaApplicationTests      : No active profile set, falling back to 1 default profile: "default"
2024-04-08T20:45:10.539+02:00  INFO 18450 --- [wojtula] [    Test worker] o.s.b.a.w.s.WelcomePageHandlerMapping    : Adding welcome page: class path resource [static/index.html]
2024-04-08T20:45:10.918+02:00  INFO 18450 --- [wojtula] [    Test worker] c.e.wojtula.WojtulaApplicationTests      : Started WojtulaApplicationTests in 1.465 seconds (process running for 2.38)
]]></system-out>
  <system-err><![CDATA[]]></system-err>
</testsuite>
