<?xml version="1.0" encoding="UTF-8"?>
<testsuite name="com.example.wojtula.WojtulaApplicationTests" tests="1" skipped="0" failures="0" errors="0" timestamp="2024-03-26T11:16:44" hostname="imternet-HP" time="0.412">
  <properties/>
  <testcase name="contextLoads()" classname="com.example.wojtula.WojtulaApplicationTests" time="0.412"/>
  <system-out><![CDATA[12:16:43.233 [Test worker] INFO org.springframework.test.context.support.AnnotationConfigContextLoaderUtils -- Could not detect default configuration classes for test class [com.example.wojtula.WojtulaApplicationTests]: WojtulaApplicationTests does not declare any static, non-private, non-final, nested classes annotated with @Configuration.
12:16:43.289 [Test worker] INFO org.springframework.boot.test.context.SpringBootTestContextBootstrapper -- Found @SpringBootConfiguration com.example.wojtula.WojtulaApplication for test class com.example.wojtula.WojtulaApplicationTests

  .   ____          _            __ _ _
 /\\ / ___'_ __ _ _(_)_ __  __ _ \ \ \ \
( ( )\___ | '_ | '_| | '_ \/ _` | \ \ \ \
 \\/  ___)| |_)| | | | | || (_| |  ) ) ) )
  '  |____| .__|_| |_|_| |_\__, | / / / /
 =========|_|==============|___/=/_/_/_/
 :: Spring Boot ::                (v3.2.4)

2024-03-26T12:16:43.486+01:00  INFO 43669 --- [wojtula] [    Test worker] c.e.wojtula.WojtulaApplicationTests      : Starting WojtulaApplicationTests using Java 17.0.10 with PID 43669 (started by imternetelap001913 in /home/imternetelap001913/Downloads/wojtula)
2024-03-26T12:16:43.487+01:00  INFO 43669 --- [wojtula] [    Test worker] c.e.wojtula.WojtulaApplicationTests      : No active profile set, falling back to 1 default profile: "default"
2024-03-26T12:16:43.959+01:00  INFO 43669 --- [wojtula] [    Test worker] o.s.b.a.w.s.WelcomePageHandlerMapping    : Adding welcome page: class path resource [static/index.html]
2024-03-26T12:16:44.117+01:00  INFO 43669 --- [wojtula] [    Test worker] c.e.wojtula.WojtulaApplicationTests      : Started WojtulaApplicationTests in 0.751 seconds (process running for 1.401)
]]></system-out>
  <system-err><![CDATA[]]></system-err>
</testsuite>
